<?xml version="1.0" encoding="UTF-8" ?>
<testsuite tests="4" failures="4" name="com.example.bank.web.AccountControllerTest" time="0.582" errors="0" skipped="0">
  <properties>
    <property name="jansi.mode" value="strip"/>
    <property name="java.runtime.name" value="OpenJDK Runtime Environment"/>
    <property name="java.vm.version" value="17.0.13+11"/>
    <property name="sun.boot.library.path" value="/usr/lib/jvm/temurin-17-jdk-amd64/lib"/>
    <property name="org.slf4j.simpleLogger.log.org.apache.maven.cli.transfer.Slf4jMavenTransferListener" value="warn"/>
    <property name="maven.multiModuleProjectDirectory" value="/tmp/tmpibdjhlhr/custom-spring-app"/>
    <property name="java.vm.vendor" value="Eclipse Adoptium"/>
    <property name="java.vendor.url" value="https://adoptium.net/"/>
    <property name="guice.disable.misplaced.annotation.check" value="true"/>
    <property name="path.separator" value=":"/>
    <property name="java.vm.name" value="OpenJDK 64-Bit Server VM"/>
    <property name="sun.java.launcher" value="SUN_STANDARD"/>
    <property name="java.vm.specification.name" value="Java Virtual Machine Specification"/>
    <property name="user.dir" value="/tmp/tmpibdjhlhr/custom-spring-app"/>
    <property name="java.vm.compressedOopsMode" value="32-bit"/>
    <property name="java.runtime.version" value="17.0.13+11"/>
    <property name="os.arch" value="amd64"/>
    <property name="java.io.tmpdir" value="/tmp"/>
    <property name="line.separator" value="
"/>
    <property name="java.vm.specification.vendor" value="Oracle Corporation"/>
    <property name="os.name" value="Linux"/>
    <property name="classworlds.conf" value="/usr/share/maven/bin/m2.conf"/>
    <property name="sun.jnu.encoding" value="UTF-8"/>
    <property name="java.library.path" value="/usr/java/packages/lib:/usr/lib64:/lib64:/lib:/usr/lib"/>
    <property name="maven.conf" value="/usr/share/maven/conf"/>
    <property name="jdk.debug" value="release"/>
    <property name="java.class.version" value="61.0"/>
    <property name="java.specification.name" value="Java Platform API Specification"/>
    <property name="sun.management.compiler" value="HotSpot 64-Bit Tiered Compilers"/>
    <property name="os.version" value="6.9.12"/>
    <property name="library.jansi.path" value="/usr/share/maven/lib/jansi-native"/>
    <property name="user.home" value="/root"/>
    <property name="user.timezone" value="Etc/UTC"/>
    <property name="file.encoding" value="UTF-8"/>
    <property name="java.specification.version" value="17"/>
    <property name="user.name" value="root"/>
    <property name="java.class.path" value="/usr/share/maven/boot/plexus-classworlds-2.x.jar"/>
    <property name="java.vm.specification.version" value="17"/>
    <property name="sun.arch.data.model" value="64"/>
    <property name="sun.java.command" value="org.codehaus.plexus.classworlds.launcher.Launcher -B -U install -Dorg.slf4j.simpleLogger.log.org.apache.maven.cli.transfer.Slf4jMavenTransferListener=warn"/>
    <property name="java.home" value="/usr/lib/jvm/temurin-17-jdk-amd64"/>
    <property name="user.language" value="en"/>
    <property name="java.specification.vendor" value="Oracle Corporation"/>
    <property name="java.vm.info" value="mixed mode, sharing"/>
    <property name="java.version" value="17.0.13"/>
    <property name="native.encoding" value="UTF-8"/>
    <property name="java.vendor" value="Eclipse Adoptium"/>
    <property name="java.specification.maintenance.version" value="1"/>
    <property name="maven.home" value="/usr/share/maven"/>
    <property name="file.separator" value="/"/>
    <property name="java.version.date" value="2024-10-15"/>
    <property name="java.vendor.url.bug" value="https://github.com/adoptium/adoptium-support/issues"/>
    <property name="sun.io.unicode.encoding" value="UnicodeLittle"/>
    <property name="sun.cpu.endian" value="little"/>
    <property name="java.vendor.version" value="Temurin-17.0.13+11"/>
  </properties>
  <testcase classname="com.example.bank.web.AccountControllerTest" name="testSubmitBalanceCheck" time="0.394">
    <failure message="Expected no value at JSON path &quot;$.message&quot; but found: &apos;Success&apos;" type="java.lang.AssertionError">java.lang.AssertionError: Expected no value at JSON path &quot;$.message&quot; but found: &apos;Success&apos;
	at org.springframework.test.util.AssertionErrors.fail(AssertionErrors.java:37)
	at org.springframework.test.util.AssertionErrors.assertTrue(AssertionErrors.java:70)
	at org.springframework.test.util.JsonPathExpectationsHelper.doesNotExist(JsonPathExpectationsHelper.java:216)
	at org.springframework.test.web.servlet.result.JsonPathResultMatchers.lambda$doesNotExist$4(JsonPathResultMatchers.java:134)
	at org.springframework.test.web.servlet.MockMvc$1.andExpect(MockMvc.java:212)
	at com.example.bank.web.AccountControllerTest.testSubmitBalanceCheck(AccountControllerTest.java:89)
	at java.base/jdk.internal.reflect.NativeMethodAccessorImpl.invoke0(Native Method)
	at java.base/jdk.internal.reflect.NativeMethodAccessorImpl.invoke(NativeMethodAccessorImpl.java:77)
	at java.base/jdk.internal.reflect.DelegatingMethodAccessorImpl.invoke(DelegatingMethodAccessorImpl.java:43)
	at java.base/java.lang.reflect.Method.invoke(Method.java:569)
	at org.junit.runners.model.FrameworkMethod$1.runReflectiveCall(FrameworkMethod.java:59)
	at org.junit.internal.runners.model.ReflectiveCallable.run(ReflectiveCallable.java:12)
	at org.junit.runners.model.FrameworkMethod.invokeExplosively(FrameworkMethod.java:56)
	at org.junit.internal.runners.statements.InvokeMethod.evaluate(InvokeMethod.java:17)
	at org.springframework.test.context.junit4.statements.RunBeforeTestExecutionCallbacks.evaluate(RunBeforeTestExecutionCallbacks.java:74)
	at org.springframework.test.context.junit4.statements.RunAfterTestExecutionCallbacks.evaluate(RunAfterTestExecutionCallbacks.java:84)
	at org.junit.internal.runners.statements.RunBefores.evaluate(RunBefores.java:26)
	at org.springframework.test.context.junit4.statements.RunBeforeTestMethodCallbacks.evaluate(RunBeforeTestMethodCallbacks.java:75)
	at org.springframework.test.context.junit4.statements.RunAfterTestMethodCallbacks.evaluate(RunAfterTestMethodCallbacks.java:86)
	at org.springframework.test.context.junit4.statements.SpringRepeat.evaluate(SpringRepeat.java:84)
	at org.junit.runners.ParentRunner.runLeaf(ParentRunner.java:366)
	at org.springframework.test.context.junit4.SpringJUnit4ClassRunner.runChild(SpringJUnit4ClassRunner.java:251)
	at org.springframework.test.context.junit4.SpringJUnit4ClassRunner.runChild(SpringJUnit4ClassRunner.java:97)
	at org.junit.runners.ParentRunner$4.run(ParentRunner.java:331)
	at org.junit.runners.ParentRunner$1.schedule(ParentRunner.java:79)
	at org.junit.runners.ParentRunner.runChildren(ParentRunner.java:329)
	at org.junit.runners.ParentRunner.access$100(ParentRunner.java:66)
	at org.junit.runners.ParentRunner$2.evaluate(ParentRunner.java:293)
	at org.springframework.test.context.junit4.statements.RunBeforeTestClassCallbacks.evaluate(RunBeforeTestClassCallbacks.java:61)
	at org.springframework.test.context.junit4.statements.RunAfterTestClassCallbacks.evaluate(RunAfterTestClassCallbacks.java:70)
	at org.junit.runners.ParentRunner$3.evaluate(ParentRunner.java:306)
	at org.junit.runners.ParentRunner.run(ParentRunner.java:413)
	at org.springframework.test.context.junit4.SpringJUnit4ClassRunner.run(SpringJUnit4ClassRunner.java:190)
	at org.apache.maven.surefire.junit4.JUnit4Provider.execute(JUnit4Provider.java:252)
	at org.apache.maven.surefire.junit4.JUnit4Provider.executeTestSet(JUnit4Provider.java:141)
	at org.apache.maven.surefire.junit4.JUnit4Provider.invoke(JUnit4Provider.java:112)
	at java.base/jdk.internal.reflect.NativeMethodAccessorImpl.invoke0(Native Method)
	at java.base/jdk.internal.reflect.NativeMethodAccessorImpl.invoke(NativeMethodAccessorImpl.java:77)
	at java.base/jdk.internal.reflect.DelegatingMethodAccessorImpl.invoke(DelegatingMethodAccessorImpl.java:43)
	at java.base/java.lang.reflect.Method.invoke(Method.java:569)
	at org.apache.maven.surefire.util.ReflectionUtils.invokeMethodWithArray(ReflectionUtils.java:189)
	at org.apache.maven.surefire.booter.ProviderFactory$ProviderProxy.invoke(ProviderFactory.java:165)
	at org.apache.maven.surefire.booter.ProviderFactory.invokeProvider(ProviderFactory.java:85)
	at org.apache.maven.surefire.booter.ForkedBooter.runSuitesInProcess(ForkedBooter.java:115)
	at org.apache.maven.surefire.booter.ForkedBooter.main(ForkedBooter.java:75)
</failure>
    <system-out>18:45:12.520 [main] DEBUG org.springframework.test.context.junit4.SpringJUnit4ClassRunner - SpringJUnit4ClassRunner constructor called with [class com.example.bank.web.AccountControllerTest]
18:45:12.526 [main] DEBUG org.springframework.test.context.BootstrapUtils - Instantiating CacheAwareContextLoaderDelegate from class [org.springframework.test.context.cache.DefaultCacheAwareContextLoaderDelegate]
18:45:12.534 [main] DEBUG org.springframework.test.context.BootstrapUtils - Instantiating BootstrapContext using constructor [public org.springframework.test.context.support.DefaultBootstrapContext(java.lang.Class,org.springframework.test.context.CacheAwareContextLoaderDelegate)]
18:45:12.734 [main] DEBUG org.springframework.test.context.BootstrapUtils - Instantiating TestContextBootstrapper for test class [com.example.bank.web.AccountControllerTest] from class [org.springframework.boot.test.context.SpringBootTestContextBootstrapper]
18:45:12.749 [main] INFO org.springframework.boot.test.context.SpringBootTestContextBootstrapper - Neither @ContextConfiguration nor @ContextHierarchy found for test class [com.example.bank.web.AccountControllerTest], using SpringBootContextLoader
18:45:12.816 [main] DEBUG org.springframework.test.context.support.AbstractContextLoader - Did not detect default resource location for test class [com.example.bank.web.AccountControllerTest]: class path resource [com/example/bank/web/AccountControllerTest-context.xml] does not exist
18:45:12.817 [main] DEBUG org.springframework.test.context.support.AbstractContextLoader - Did not detect default resource location for test class [com.example.bank.web.AccountControllerTest]: class path resource [com/example/bank/web/AccountControllerTestContext.groovy] does not exist
18:45:12.817 [main] INFO org.springframework.test.context.support.AbstractContextLoader - Could not detect default resource locations for test class [com.example.bank.web.AccountControllerTest]: no resource found for suffixes {-context.xml, Context.groovy}.
18:45:13.116 [main] DEBUG org.springframework.test.context.support.ActiveProfilesUtils - Could not find an &apos;annotation declaring class&apos; for annotation type [org.springframework.test.context.ActiveProfiles] and class [com.example.bank.web.AccountControllerTest]
18:45:13.437 [main] DEBUG org.springframework.boot.test.context.SpringBootTestContextBootstrapper - @TestExecutionListeners is not present for class [com.example.bank.web.AccountControllerTest]: using defaults.
18:45:13.438 [main] INFO org.springframework.boot.test.context.SpringBootTestContextBootstrapper - Loaded default TestExecutionListener class names from location [META-INF/spring.factories]: [org.springframework.test.context.web.ServletTestExecutionListener, org.springframework.test.context.support.DirtiesContextBeforeModesTestExecutionListener, org.springframework.test.context.event.ApplicationEventsTestExecutionListener, org.springframework.test.context.support.DependencyInjectionTestExecutionListener, org.springframework.test.context.support.DirtiesContextTestExecutionListener, org.springframework.test.context.transaction.TransactionalTestExecutionListener, org.springframework.test.context.jdbc.SqlScriptsTestExecutionListener, org.springframework.test.context.event.EventPublishingTestExecutionListener, org.springframework.boot.test.mock.mockito.MockitoTestExecutionListener, org.springframework.boot.test.mock.mockito.ResetMocksTestExecutionListener, org.springframework.boot.test.autoconfigure.restdocs.RestDocsTestExecutionListener, org.springframework.boot.test.autoconfigure.web.client.MockRestServiceServerResetTestExecutionListener, org.springframework.boot.test.autoconfigure.web.servlet.MockMvcPrintOnlyOnFailureTestExecutionListener, org.springframework.boot.test.autoconfigure.web.servlet.WebDriverTestExecutionListener, org.springframework.boot.test.autoconfigure.webservices.client.MockWebServiceServerTestExecutionListener]
18:45:13.446 [main] DEBUG org.springframework.boot.test.context.SpringBootTestContextBootstrapper - Skipping candidate TestExecutionListener [org.springframework.test.context.transaction.TransactionalTestExecutionListener] due to a missing dependency. Specify custom listener classes or make the default listener classes and their required dependencies available. Offending class: [org/springframework/transaction/interceptor/TransactionAttributeSource]
18:45:13.446 [main] DEBUG org.springframework.boot.test.context.SpringBootTestContextBootstrapper - Skipping candidate TestExecutionListener [org.springframework.test.context.jdbc.SqlScriptsTestExecutionListener] due to a missing dependency. Specify custom listener classes or make the default listener classes and their required dependencies available. Offending class: [org/springframework/transaction/interceptor/TransactionAttribute]
18:45:13.447 [main] INFO org.springframework.boot.test.context.SpringBootTestContextBootstrapper - Using TestExecutionListeners: [org.springframework.test.context.web.ServletTestExecutionListener@6e9175d8, org.springframework.test.context.support.DirtiesContextBeforeModesTestExecutionListener@7d0b7e3c, org.springframework.test.context.event.ApplicationEventsTestExecutionListener@15bb5034, org.springframework.boot.test.mock.mockito.MockitoTestExecutionListener@4b741d6d, org.springframework.boot.test.autoconfigure.SpringBootDependencyInjectionTestExecutionListener@2eae8e6e, org.springframework.test.context.support.DirtiesContextTestExecutionListener@8f2ef19, org.springframework.test.context.event.EventPublishingTestExecutionListener@470734c3, org.springframework.boot.test.mock.mockito.ResetMocksTestExecutionListener@2cf3d63b, org.springframework.boot.test.autoconfigure.restdocs.RestDocsTestExecutionListener@7674f035, org.springframework.boot.test.autoconfigure.web.client.MockRestServiceServerResetTestExecutionListener@69e153c5, org.springframework.boot.test.autoconfigure.web.servlet.MockMvcPrintOnlyOnFailureTestExecutionListener@173ed316, org.springframework.boot.test.autoconfigure.web.servlet.WebDriverTestExecutionListener@25ce9dc4, org.springframework.boot.test.autoconfigure.webservices.client.MockWebServiceServerTestExecutionListener@74ea2410]
18:45:13.448 [main] DEBUG org.springframework.test.annotation.ProfileValueUtils - Retrieved @ProfileValueSourceConfiguration [null] for test class [com.example.bank.web.AccountControllerTest]
18:45:13.449 [main] DEBUG org.springframework.test.annotation.ProfileValueUtils - Retrieved ProfileValueSource type [class org.springframework.test.annotation.SystemProfileValueSource] for class [com.example.bank.web.AccountControllerTest]
18:45:13.450 [main] DEBUG org.springframework.test.annotation.ProfileValueUtils - Retrieved @ProfileValueSourceConfiguration [null] for test class [com.example.bank.web.AccountControllerTest]
18:45:13.450 [main] DEBUG org.springframework.test.annotation.ProfileValueUtils - Retrieved ProfileValueSource type [class org.springframework.test.annotation.SystemProfileValueSource] for class [com.example.bank.web.AccountControllerTest]
18:45:13.450 [main] DEBUG org.springframework.test.annotation.ProfileValueUtils - Retrieved @ProfileValueSourceConfiguration [null] for test class [com.example.bank.web.AccountControllerTest]
18:45:13.450 [main] DEBUG org.springframework.test.annotation.ProfileValueUtils - Retrieved ProfileValueSource type [class org.springframework.test.annotation.SystemProfileValueSource] for class [com.example.bank.web.AccountControllerTest]
18:45:13.451 [main] DEBUG org.springframework.test.annotation.ProfileValueUtils - Retrieved @ProfileValueSourceConfiguration [null] for test class [com.example.bank.web.AccountControllerTest]
18:45:13.451 [main] DEBUG org.springframework.test.annotation.ProfileValueUtils - Retrieved ProfileValueSource type [class org.springframework.test.annotation.SystemProfileValueSource] for class [com.example.bank.web.AccountControllerTest]
18:45:13.509 [main] DEBUG org.springframework.test.context.support.AbstractDirtiesContextTestExecutionListener - Before test class: context [DefaultTestContext@72cc7e6f testClass = AccountControllerTest, testInstance = [null], testMethod = [null], testException = [null], mergedContextConfiguration = [WebMergedContextConfiguration@5afa3c9 testClass = AccountControllerTest, locations = &apos;{}&apos;, classes = &apos;{class com.example.bank.web.AccountControllerTest$TestConfig}&apos;, contextInitializerClasses = &apos;[]&apos;, activeProfiles = &apos;{}&apos;, propertySourceLocations = &apos;{}&apos;, propertySourceProperties = &apos;{org.springframework.boot.test.context.SpringBootTestContextBootstrapper=true}&apos;, contextCustomizers = set[[ImportsContextCustomizer@72035809 key = [org.springframework.boot.test.autoconfigure.web.servlet.MockMvcAutoConfiguration, org.springframework.boot.test.autoconfigure.web.servlet.MockMvcWebClientAutoConfiguration, org.springframework.boot.test.autoconfigure.web.servlet.MockMvcWebDriverAutoConfiguration, org.springframework.boot.autoconfigure.security.oauth2.client.servlet.OAuth2ClientAutoConfiguration, org.springframework.boot.autoconfigure.security.oauth2.resource.servlet.OAuth2ResourceServerAutoConfiguration, org.springframework.boot.autoconfigure.security.servlet.SecurityAutoConfiguration, org.springframework.boot.autoconfigure.security.servlet.SecurityFilterAutoConfiguration, org.springframework.boot.autoconfigure.security.servlet.UserDetailsServiceAutoConfiguration, org.springframework.boot.test.autoconfigure.web.servlet.MockMvcSecurityConfiguration, org.springframework.boot.test.autoconfigure.web.reactive.WebTestClientAutoConfiguration]], org.springframework.boot.test.context.filter.ExcludeFilterContextCustomizer@498d318c, org.springframework.boot.test.json.DuplicateJsonObjectContextCustomizerFactory$DuplicateJsonObjectContextCustomizer@f5ac9e4, org.springframework.boot.test.mock.mockito.MockitoContextCustomizer@80a8f4fa, org.springframework.boot.test.web.client.TestRestTemplateContextCustomizer@12468a38, org.springframework.boot.test.autoconfigure.actuate.metrics.MetricsExportContextCustomizerFactory$DisableMetricExportContextCustomizer@37afeb11, org.springframework.boot.test.autoconfigure.properties.PropertyMappingContextCustomizer@4b3fa0b3, org.springframework.boot.test.autoconfigure.web.servlet.WebDriverContextCustomizerFactory$Customizer@77847718, org.springframework.boot.test.context.SpringBootTestArgs@1, org.springframework.boot.test.context.SpringBootTestWebEnvironment@1a84f40f], resourceBasePath = &apos;src/main/webapp&apos;, contextLoader = &apos;org.springframework.boot.test.context.SpringBootContextLoader&apos;, parent = [null]], attributes = map[&apos;org.springframework.test.context.web.ServletTestExecutionListener.activateListener&apos; -&gt; true]], class annotated with @DirtiesContext [false] with mode [null].
18:45:13.511 [main] DEBUG org.springframework.test.annotation.ProfileValueUtils - Retrieved @ProfileValueSourceConfiguration [null] for test class [com.example.bank.web.AccountControllerTest]
18:45:13.512 [main] DEBUG org.springframework.test.annotation.ProfileValueUtils - Retrieved ProfileValueSource type [class org.springframework.test.annotation.SystemProfileValueSource] for class [com.example.bank.web.AccountControllerTest]

  .   ____          _            __ _ _
 /\\ / ___&apos;_ __ _ _(_)_ __  __ _ \ \ \ \
( ( )\___ | &apos;_ | &apos;_| | &apos;_ \/ _` | \ \ \ \
 \\/  ___)| |_)| | | | | || (_| |  ) ) ) )
  &apos;  |____| .__|_| |_|_| |_\__, | / / / /
 =========|_|==============|___/=/_/_/_/
 :: Spring Boot ::                (v2.7.0)

2025-06-01 18:45:14.256  INFO 2636 --- [           main] c.e.bank.web.AccountControllerTest       : Starting AccountControllerTest using Java 17.0.13 on localhost with PID 2636 (started by root in /tmp/tmpibdjhlhr/custom-spring-app)
2025-06-01 18:45:14.258  INFO 2636 --- [           main] c.e.bank.web.AccountControllerTest       : No active profile set, falling back to 1 default profile: &quot;default&quot;
2025-06-01 18:45:17.624  INFO 2636 --- [           main] o.s.b.t.m.w.SpringBootMockServletContext : Initializing Spring TestDispatcherServlet &apos;&apos;
2025-06-01 18:45:17.625  INFO 2636 --- [           main] o.s.t.web.servlet.TestDispatcherServlet  : Initializing Servlet &apos;&apos;
2025-06-01 18:45:17.626  INFO 2636 --- [           main] o.s.t.web.servlet.TestDispatcherServlet  : Completed initialization in 1 ms
2025-06-01 18:45:17.823  INFO 2636 --- [           main] c.e.bank.web.AccountControllerTest       : Started AccountControllerTest in 4.283 seconds (JVM running for 6.999)

MockHttpServletRequest:
      HTTP Method = POST
      Request URI = /account
       Parameters = {accountNumber=[12345], action=[balance]}
          Headers = []
             Body = &lt;no character encoding set&gt;
    Session Attrs = {}

Handler:
             Type = com.example.bank.web.AccountController
           Method = com.example.bank.web.AccountController#processForm(String, String, Double)

Async:
    Async started = false
     Async result = null

Resolved Exception:
             Type = null

ModelAndView:
        View name = null
             View = null
            Model = null

FlashMap:
       Attributes = null

MockHttpServletResponse:
           Status = 200
    Error message = null
          Headers = [Content-Type:&quot;application/json&quot;]
     Content type = application/json
             Body = {&quot;account&quot;:{&quot;accountNumber&quot;:&quot;12345&quot;,&quot;ownerName&quot;:&quot;Test Owner&quot;,&quot;balance&quot;:1000.0},&quot;message&quot;:&quot;Success&quot;}
    Forwarded URL = null
   Redirected URL = null
          Cookies = []
</system-out>
  </testcase>
  <testcase classname="com.example.bank.web.AccountControllerTest" name="testSubmitWithdraw" time="0.008">
    <failure message="JSON path &quot;$.account.balance&quot; expected:&lt;700.0&gt; but was:&lt;1000.0&gt;" type="java.lang.AssertionError">java.lang.AssertionError: JSON path &quot;$.account.balance&quot; expected:&lt;700.0&gt; but was:&lt;1000.0&gt;
	at org.springframework.test.util.AssertionErrors.fail(AssertionErrors.java:59)
	at org.springframework.test.util.AssertionErrors.assertEquals(AssertionErrors.java:122)
	at org.springframework.test.util.JsonPathExpectationsHelper.assertValue(JsonPathExpectationsHelper.java:125)
	at org.springframework.test.web.servlet.result.JsonPathResultMatchers.lambda$value$2(JsonPathResultMatchers.java:111)
	at org.springframework.test.web.servlet.MockMvc$1.andExpect(MockMvc.java:212)
	at com.example.bank.web.AccountControllerTest.testSubmitWithdraw(AccountControllerTest.java:76)
	at java.base/jdk.internal.reflect.NativeMethodAccessorImpl.invoke0(Native Method)
	at java.base/jdk.internal.reflect.NativeMethodAccessorImpl.invoke(NativeMethodAccessorImpl.java:77)
	at java.base/jdk.internal.reflect.DelegatingMethodAccessorImpl.invoke(DelegatingMethodAccessorImpl.java:43)
	at java.base/java.lang.reflect.Method.invoke(Method.java:569)
	at org.junit.runners.model.FrameworkMethod$1.runReflectiveCall(FrameworkMethod.java:59)
	at org.junit.internal.runners.model.ReflectiveCallable.run(ReflectiveCallable.java:12)
	at org.junit.runners.model.FrameworkMethod.invokeExplosively(FrameworkMethod.java:56)
	at org.junit.internal.runners.statements.InvokeMethod.evaluate(InvokeMethod.java:17)
	at org.springframework.test.context.junit4.statements.RunBeforeTestExecutionCallbacks.evaluate(RunBeforeTestExecutionCallbacks.java:74)
	at org.springframework.test.context.junit4.statements.RunAfterTestExecutionCallbacks.evaluate(RunAfterTestExecutionCallbacks.java:84)
	at org.junit.internal.runners.statements.RunBefores.evaluate(RunBefores.java:26)
	at org.springframework.test.context.junit4.statements.RunBeforeTestMethodCallbacks.evaluate(RunBeforeTestMethodCallbacks.java:75)
	at org.springframework.test.context.junit4.statements.RunAfterTestMethodCallbacks.evaluate(RunAfterTestMethodCallbacks.java:86)
	at org.springframework.test.context.junit4.statements.SpringRepeat.evaluate(SpringRepeat.java:84)
	at org.junit.runners.ParentRunner.runLeaf(ParentRunner.java:366)
	at org.springframework.test.context.junit4.SpringJUnit4ClassRunner.runChild(SpringJUnit4ClassRunner.java:251)
	at org.springframework.test.context.junit4.SpringJUnit4ClassRunner.runChild(SpringJUnit4ClassRunner.java:97)
	at org.junit.runners.ParentRunner$4.run(ParentRunner.java:331)
	at org.junit.runners.ParentRunner$1.schedule(ParentRunner.java:79)
	at org.junit.runners.ParentRunner.runChildren(ParentRunner.java:329)
	at org.junit.runners.ParentRunner.access$100(ParentRunner.java:66)
	at org.junit.runners.ParentRunner$2.evaluate(ParentRunner.java:293)
	at org.springframework.test.context.junit4.statements.RunBeforeTestClassCallbacks.evaluate(RunBeforeTestClassCallbacks.java:61)
	at org.springframework.test.context.junit4.statements.RunAfterTestClassCallbacks.evaluate(RunAfterTestClassCallbacks.java:70)
	at org.junit.runners.ParentRunner$3.evaluate(ParentRunner.java:306)
	at org.junit.runners.ParentRunner.run(ParentRunner.java:413)
	at org.springframework.test.context.junit4.SpringJUnit4ClassRunner.run(SpringJUnit4ClassRunner.java:190)
	at org.apache.maven.surefire.junit4.JUnit4Provider.execute(JUnit4Provider.java:252)
	at org.apache.maven.surefire.junit4.JUnit4Provider.executeTestSet(JUnit4Provider.java:141)
	at org.apache.maven.surefire.junit4.JUnit4Provider.invoke(JUnit4Provider.java:112)
	at java.base/jdk.internal.reflect.NativeMethodAccessorImpl.invoke0(Native Method)
	at java.base/jdk.internal.reflect.NativeMethodAccessorImpl.invoke(NativeMethodAccessorImpl.java:77)
	at java.base/jdk.internal.reflect.DelegatingMethodAccessorImpl.invoke(DelegatingMethodAccessorImpl.java:43)
	at java.base/java.lang.reflect.Method.invoke(Method.java:569)
	at org.apache.maven.surefire.util.ReflectionUtils.invokeMethodWithArray(ReflectionUtils.java:189)
	at org.apache.maven.surefire.booter.ProviderFactory$ProviderProxy.invoke(ProviderFactory.java:165)
	at org.apache.maven.surefire.booter.ProviderFactory.invokeProvider(ProviderFactory.java:85)
	at org.apache.maven.surefire.booter.ForkedBooter.runSuitesInProcess(ForkedBooter.java:115)
	at org.apache.maven.surefire.booter.ForkedBooter.main(ForkedBooter.java:75)
</failure>
    <system-out>
MockHttpServletRequest:
      HTTP Method = POST
      Request URI = /account
       Parameters = {accountNumber=[12345], action=[withdraw], amount=[300.0]}
          Headers = []
             Body = &lt;no character encoding set&gt;
    Session Attrs = {}

Handler:
             Type = com.example.bank.web.AccountController
           Method = com.example.bank.web.AccountController#processForm(String, String, Double)

Async:
    Async started = false
     Async result = null

Resolved Exception:
             Type = null

ModelAndView:
        View name = null
             View = null
            Model = null

FlashMap:
       Attributes = null

MockHttpServletResponse:
           Status = 200
    Error message = null
          Headers = [Content-Type:&quot;application/json&quot;]
     Content type = application/json
             Body = {&quot;account&quot;:{&quot;accountNumber&quot;:&quot;12345&quot;,&quot;ownerName&quot;:&quot;Test Owner&quot;,&quot;balance&quot;:1000.0},&quot;message&quot;:&quot;Success&quot;}
    Forwarded URL = null
   Redirected URL = null
          Cookies = []
</system-out>
  </testcase>
  <testcase classname="com.example.bank.web.AccountControllerTest" name="testSubmitDeposit" time="0.165">
    <failure message="JSON path &quot;$.account.balance&quot; expected:&lt;1200.0&gt; but was:&lt;1000.0&gt;" type="java.lang.AssertionError">java.lang.AssertionError: JSON path &quot;$.account.balance&quot; expected:&lt;1200.0&gt; but was:&lt;1000.0&gt;
	at org.springframework.test.util.AssertionErrors.fail(AssertionErrors.java:59)
	at org.springframework.test.util.AssertionErrors.assertEquals(AssertionErrors.java:122)
	at org.springframework.test.util.JsonPathExpectationsHelper.assertValue(JsonPathExpectationsHelper.java:125)
	at org.springframework.test.web.servlet.result.JsonPathResultMatchers.lambda$value$2(JsonPathResultMatchers.java:111)
	at org.springframework.test.web.servlet.MockMvc$1.andExpect(MockMvc.java:212)
	at com.example.bank.web.AccountControllerTest.testSubmitDeposit(AccountControllerTest.java:62)
	at java.base/jdk.internal.reflect.NativeMethodAccessorImpl.invoke0(Native Method)
	at java.base/jdk.internal.reflect.NativeMethodAccessorImpl.invoke(NativeMethodAccessorImpl.java:77)
	at java.base/jdk.internal.reflect.DelegatingMethodAccessorImpl.invoke(DelegatingMethodAccessorImpl.java:43)
	at java.base/java.lang.reflect.Method.invoke(Method.java:569)
	at org.junit.runners.model.FrameworkMethod$1.runReflectiveCall(FrameworkMethod.java:59)
	at org.junit.internal.runners.model.ReflectiveCallable.run(ReflectiveCallable.java:12)
	at org.junit.runners.model.FrameworkMethod.invokeExplosively(FrameworkMethod.java:56)
	at org.junit.internal.runners.statements.InvokeMethod.evaluate(InvokeMethod.java:17)
	at org.springframework.test.context.junit4.statements.RunBeforeTestExecutionCallbacks.evaluate(RunBeforeTestExecutionCallbacks.java:74)
	at org.springframework.test.context.junit4.statements.RunAfterTestExecutionCallbacks.evaluate(RunAfterTestExecutionCallbacks.java:84)
	at org.junit.internal.runners.statements.RunBefores.evaluate(RunBefores.java:26)
	at org.springframework.test.context.junit4.statements.RunBeforeTestMethodCallbacks.evaluate(RunBeforeTestMethodCallbacks.java:75)
	at org.springframework.test.context.junit4.statements.RunAfterTestMethodCallbacks.evaluate(RunAfterTestMethodCallbacks.java:86)
	at org.springframework.test.context.junit4.statements.SpringRepeat.evaluate(SpringRepeat.java:84)
	at org.junit.runners.ParentRunner.runLeaf(ParentRunner.java:366)
	at org.springframework.test.context.junit4.SpringJUnit4ClassRunner.runChild(SpringJUnit4ClassRunner.java:251)
	at org.springframework.test.context.junit4.SpringJUnit4ClassRunner.runChild(SpringJUnit4ClassRunner.java:97)
	at org.junit.runners.ParentRunner$4.run(ParentRunner.java:331)
	at org.junit.runners.ParentRunner$1.schedule(ParentRunner.java:79)
	at org.junit.runners.ParentRunner.runChildren(ParentRunner.java:329)
	at org.junit.runners.ParentRunner.access$100(ParentRunner.java:66)
	at org.junit.runners.ParentRunner$2.evaluate(ParentRunner.java:293)
	at org.springframework.test.context.junit4.statements.RunBeforeTestClassCallbacks.evaluate(RunBeforeTestClassCallbacks.java:61)
	at org.springframework.test.context.junit4.statements.RunAfterTestClassCallbacks.evaluate(RunAfterTestClassCallbacks.java:70)
	at org.junit.runners.ParentRunner$3.evaluate(ParentRunner.java:306)
	at org.junit.runners.ParentRunner.run(ParentRunner.java:413)
	at org.springframework.test.context.junit4.SpringJUnit4ClassRunner.run(SpringJUnit4ClassRunner.java:190)
	at org.apache.maven.surefire.junit4.JUnit4Provider.execute(JUnit4Provider.java:252)
	at org.apache.maven.surefire.junit4.JUnit4Provider.executeTestSet(JUnit4Provider.java:141)
	at org.apache.maven.surefire.junit4.JUnit4Provider.invoke(JUnit4Provider.java:112)
	at java.base/jdk.internal.reflect.NativeMethodAccessorImpl.invoke0(Native Method)
	at java.base/jdk.internal.reflect.NativeMethodAccessorImpl.invoke(NativeMethodAccessorImpl.java:77)
	at java.base/jdk.internal.reflect.DelegatingMethodAccessorImpl.invoke(DelegatingMethodAccessorImpl.java:43)
	at java.base/java.lang.reflect.Method.invoke(Method.java:569)
	at org.apache.maven.surefire.util.ReflectionUtils.invokeMethodWithArray(ReflectionUtils.java:189)
	at org.apache.maven.surefire.booter.ProviderFactory$ProviderProxy.invoke(ProviderFactory.java:165)
	at org.apache.maven.surefire.booter.ProviderFactory.invokeProvider(ProviderFactory.java:85)
	at org.apache.maven.surefire.booter.ForkedBooter.runSuitesInProcess(ForkedBooter.java:115)
	at org.apache.maven.surefire.booter.ForkedBooter.main(ForkedBooter.java:75)
</failure>
    <system-out>
MockHttpServletRequest:
      HTTP Method = POST
      Request URI = /account
       Parameters = {accountNumber=[12345], action=[deposit], amount=[200.0]}
          Headers = []
             Body = &lt;no character encoding set&gt;
    Session Attrs = {}

Handler:
             Type = com.example.bank.web.AccountController
           Method = com.example.bank.web.AccountController#processForm(String, String, Double)

Async:
    Async started = false
     Async result = null

Resolved Exception:
             Type = null

ModelAndView:
        View name = null
             View = null
            Model = null

FlashMap:
       Attributes = null

MockHttpServletResponse:
           Status = 200
    Error message = null
          Headers = [Content-Type:&quot;application/json&quot;]
     Content type = application/json
             Body = {&quot;account&quot;:{&quot;accountNumber&quot;:&quot;12345&quot;,&quot;ownerName&quot;:&quot;Test Owner&quot;,&quot;balance&quot;:1000.0},&quot;message&quot;:&quot;Success&quot;}
    Forwarded URL = null
   Redirected URL = null
          Cookies = []
</system-out>
  </testcase>
  <testcase classname="com.example.bank.web.AccountControllerTest" name="testSubmitWithInvalidAccount" time="0.015">
    <failure message="message
Expected: Invalid account number
     got: Success
" type="java.lang.AssertionError">java.lang.AssertionError: message
Expected: Invalid account number
     got: Success

	at org.skyscreamer.jsonassert.JSONAssert.assertEquals(JSONAssert.java:417)
	at org.skyscreamer.jsonassert.JSONAssert.assertEquals(JSONAssert.java:394)
	at org.skyscreamer.jsonassert.JSONAssert.assertEquals(JSONAssert.java:336)
	at org.springframework.test.util.JsonExpectationsHelper.assertJsonEqual(JsonExpectationsHelper.java:61)
	at org.springframework.test.web.servlet.result.ContentResultMatchers.lambda$json$9(ContentResultMatchers.java:227)
	at org.springframework.test.web.servlet.MockMvc$1.andExpect(MockMvc.java:212)
	at com.example.bank.web.AccountControllerTest.testSubmitWithInvalidAccount(AccountControllerTest.java:101)
	at java.base/jdk.internal.reflect.NativeMethodAccessorImpl.invoke0(Native Method)
	at java.base/jdk.internal.reflect.NativeMethodAccessorImpl.invoke(NativeMethodAccessorImpl.java:77)
	at java.base/jdk.internal.reflect.DelegatingMethodAccessorImpl.invoke(DelegatingMethodAccessorImpl.java:43)
	at java.base/java.lang.reflect.Method.invoke(Method.java:569)
	at org.junit.runners.model.FrameworkMethod$1.runReflectiveCall(FrameworkMethod.java:59)
	at org.junit.internal.runners.model.ReflectiveCallable.run(ReflectiveCallable.java:12)
	at org.junit.runners.model.FrameworkMethod.invokeExplosively(FrameworkMethod.java:56)
	at org.junit.internal.runners.statements.InvokeMethod.evaluate(InvokeMethod.java:17)
	at org.springframework.test.context.junit4.statements.RunBeforeTestExecutionCallbacks.evaluate(RunBeforeTestExecutionCallbacks.java:74)
	at org.springframework.test.context.junit4.statements.RunAfterTestExecutionCallbacks.evaluate(RunAfterTestExecutionCallbacks.java:84)
	at org.junit.internal.runners.statements.RunBefores.evaluate(RunBefores.java:26)
	at org.springframework.test.context.junit4.statements.RunBeforeTestMethodCallbacks.evaluate(RunBeforeTestMethodCallbacks.java:75)
	at org.springframework.test.context.junit4.statements.RunAfterTestMethodCallbacks.evaluate(RunAfterTestMethodCallbacks.java:86)
	at org.springframework.test.context.junit4.statements.SpringRepeat.evaluate(SpringRepeat.java:84)
	at org.junit.runners.ParentRunner.runLeaf(ParentRunner.java:366)
	at org.springframework.test.context.junit4.SpringJUnit4ClassRunner.runChild(SpringJUnit4ClassRunner.java:251)
	at org.springframework.test.context.junit4.SpringJUnit4ClassRunner.runChild(SpringJUnit4ClassRunner.java:97)
	at org.junit.runners.ParentRunner$4.run(ParentRunner.java:331)
	at org.junit.runners.ParentRunner$1.schedule(ParentRunner.java:79)
	at org.junit.runners.ParentRunner.runChildren(ParentRunner.java:329)
	at org.junit.runners.ParentRunner.access$100(ParentRunner.java:66)
	at org.junit.runners.ParentRunner$2.evaluate(ParentRunner.java:293)
	at org.springframework.test.context.junit4.statements.RunBeforeTestClassCallbacks.evaluate(RunBeforeTestClassCallbacks.java:61)
	at org.springframework.test.context.junit4.statements.RunAfterTestClassCallbacks.evaluate(RunAfterTestClassCallbacks.java:70)
	at org.junit.runners.ParentRunner$3.evaluate(ParentRunner.java:306)
	at org.junit.runners.ParentRunner.run(ParentRunner.java:413)
	at org.springframework.test.context.junit4.SpringJUnit4ClassRunner.run(SpringJUnit4ClassRunner.java:190)
	at org.apache.maven.surefire.junit4.JUnit4Provider.execute(JUnit4Provider.java:252)
	at org.apache.maven.surefire.junit4.JUnit4Provider.executeTestSet(JUnit4Provider.java:141)
	at org.apache.maven.surefire.junit4.JUnit4Provider.invoke(JUnit4Provider.java:112)
	at java.base/jdk.internal.reflect.NativeMethodAccessorImpl.invoke0(Native Method)
	at java.base/jdk.internal.reflect.NativeMethodAccessorImpl.invoke(NativeMethodAccessorImpl.java:77)
	at java.base/jdk.internal.reflect.DelegatingMethodAccessorImpl.invoke(DelegatingMethodAccessorImpl.java:43)
	at java.base/java.lang.reflect.Method.invoke(Method.java:569)
	at org.apache.maven.surefire.util.ReflectionUtils.invokeMethodWithArray(ReflectionUtils.java:189)
	at org.apache.maven.surefire.booter.ProviderFactory$ProviderProxy.invoke(ProviderFactory.java:165)
	at org.apache.maven.surefire.booter.ProviderFactory.invokeProvider(ProviderFactory.java:85)
	at org.apache.maven.surefire.booter.ForkedBooter.runSuitesInProcess(ForkedBooter.java:115)
	at org.apache.maven.surefire.booter.ForkedBooter.main(ForkedBooter.java:75)
</failure>
    <system-out>
MockHttpServletRequest:
      HTTP Method = POST
      Request URI = /account
       Parameters = {accountNumber=[INVALID_ID], action=[deposit], amount=[100.0]}
          Headers = []
             Body = &lt;no character encoding set&gt;
    Session Attrs = {}

Handler:
             Type = com.example.bank.web.AccountController
           Method = com.example.bank.web.AccountController#processForm(String, String, Double)

Async:
    Async started = false
     Async result = null

Resolved Exception:
             Type = null

ModelAndView:
        View name = null
             View = null
            Model = null

FlashMap:
       Attributes = null

MockHttpServletResponse:
           Status = 200
    Error message = null
          Headers = [Content-Type:&quot;application/json&quot;]
     Content type = application/json
             Body = {&quot;account&quot;:null,&quot;message&quot;:&quot;Success&quot;}
    Forwarded URL = null
   Redirected URL = null
          Cookies = []
</system-out>
  </testcase>
</testsuite>